Loading the train data
Finished loading validation data
Loading the evaluation data
Finished loading evaluation data
Initializing model
Finished initializing model
Starting epochs ...

100%|██████████| 12/12 [00:35<00:00,  2.93s/it]

Epoch: 1 || Train Loss: 8.323504030704498

100%|██████████| 12/12 [00:35<00:00,  2.93s/it]

Epoch: 2 || Train Loss: 8.31876277923584

100%|██████████| 12/12 [00:35<00:00,  2.94s/it]

Epoch: 3 || Train Loss: 8.318837404251099

100%|██████████| 12/12 [00:35<00:00,  2.92s/it]

Epoch: 4 || Train Loss: 8.298802435398102

100%|██████████| 12/12 [00:35<00:00,  2.94s/it]

Epoch: 5 || Train Loss: 8.292889297008514

100%|██████████| 3/3 [00:01<00:00,  2.89it/s]

Epoch: 5 || Validation Loss: 2.0517208576202393

100%|██████████| 3/3 [00:01<00:00,  2.87it/s]


              precision    recall  f1-score   support

           0       0.69      0.26      0.37      1432
           1       0.54      0.88      0.67      1419

    accuracy                           0.57      2851
   macro avg       0.61      0.57      0.52      2851
weighted avg       0.62      0.57      0.52      2851


100%|██████████| 12/12 [00:35<00:00,  2.92s/it]

Epoch: 6 || Train Loss: 8.268210411071777

100%|██████████| 12/12 [00:35<00:00,  2.94s/it]

Epoch: 7 || Train Loss: 8.169998466968536

100%|██████████| 12/12 [00:35<00:00,  2.94s/it]

Epoch: 8 || Train Loss: 8.046718955039978

100%|██████████| 12/12 [00:35<00:00,  2.93s/it]

Epoch: 9 || Train Loss: 7.983413994312286

100%|██████████| 12/12 [00:35<00:00,  2.94s/it]

Epoch: 10 || Train Loss: 7.895647406578064

100%|██████████| 3/3 [00:01<00:00,  2.87it/s]

Epoch: 10 || Validation Loss: 1.9011464715003967

100%|██████████| 3/3 [00:01<00:00,  2.84it/s]


              precision    recall  f1-score   support

           0       0.69      0.58      0.63      1432
           1       0.63      0.74      0.69      1419

    accuracy                           0.66      2851
   macro avg       0.66      0.66      0.66      2851
weighted avg       0.66      0.66      0.66      2851


100%|██████████| 12/12 [00:34<00:00,  2.91s/it]

Epoch: 11 || Train Loss: 7.726582765579224

100%|██████████| 12/12 [00:35<00:00,  2.94s/it]

Epoch: 12 || Train Loss: 7.775599718093872

100%|██████████| 12/12 [00:35<00:00,  2.94s/it]

Epoch: 13 || Train Loss: 7.509915471076965

100%|██████████| 12/12 [00:35<00:00,  2.93s/it]

Epoch: 14 || Train Loss: 7.198973774909973

100%|██████████| 12/12 [00:35<00:00,  2.93s/it]

Epoch: 15 || Train Loss: 7.78422349691391

100%|██████████| 3/3 [00:01<00:00,  2.86it/s]

Epoch: 15 || Validation Loss: 1.8731266856193542

100%|██████████| 3/3 [00:01<00:00,  2.83it/s]


              precision    recall  f1-score   support

           0       0.60      0.92      0.73      1432
           1       0.83      0.37      0.52      1419

    accuracy                           0.65      2851
   macro avg       0.71      0.65      0.62      2851
weighted avg       0.71      0.65      0.62      2851


100%|██████████| 12/12 [00:35<00:00,  2.94s/it]

Epoch: 16 || Train Loss: 7.432613730430603

100%|██████████| 12/12 [00:35<00:00,  2.94s/it]

Epoch: 17 || Train Loss: 7.132281124591827

100%|██████████| 12/12 [00:35<00:00,  2.95s/it]

Epoch: 18 || Train Loss: 6.820337176322937

100%|██████████| 12/12 [00:35<00:00,  2.93s/it]

Epoch: 19 || Train Loss: 6.854128539562225

100%|██████████| 12/12 [00:35<00:00,  2.94s/it]

Epoch: 20 || Train Loss: 6.666774928569794

100%|██████████| 3/3 [00:01<00:00,  2.83it/s]

Epoch: 20 || Validation Loss: 1.5887072682380676

100%|██████████| 3/3 [00:01<00:00,  2.85it/s]


              precision    recall  f1-score   support

           0       0.70      0.84      0.76      1432
           1       0.80      0.63      0.70      1419

    accuracy                           0.74      2851
   macro avg       0.75      0.74      0.73      2851
weighted avg       0.75      0.74      0.73      2851


100%|██████████| 12/12 [00:35<00:00,  2.93s/it]

Epoch: 21 || Train Loss: 6.24283692240715

100%|██████████| 12/12 [00:35<00:00,  2.94s/it]

Epoch: 22 || Train Loss: 6.001962721347809

100%|██████████| 12/12 [00:35<00:00,  2.96s/it]

Epoch: 23 || Train Loss: 6.341140657663345

100%|██████████| 12/12 [00:35<00:00,  2.94s/it]

Epoch: 24 || Train Loss: 5.777571767568588

100%|██████████| 12/12 [00:35<00:00,  2.94s/it]

Epoch: 25 || Train Loss: 5.395718663930893

100%|██████████| 3/3 [00:01<00:00,  2.88it/s]

Epoch: 25 || Validation Loss: 1.4857231974601746

100%|██████████| 3/3 [00:01<00:00,  2.83it/s]


              precision    recall  f1-score   support

           0       0.75      0.89      0.82      1432
           1       0.86      0.70      0.78      1419

    accuracy                           0.80      2851
   macro avg       0.81      0.80      0.80      2851
weighted avg       0.81      0.80      0.80      2851


100%|██████████| 12/12 [00:35<00:00,  2.93s/it]

Epoch: 26 || Train Loss: 5.167805701494217

100%|██████████| 12/12 [00:35<00:00,  2.93s/it]

Epoch: 27 || Train Loss: 5.252895414829254

100%|██████████| 12/12 [00:35<00:00,  2.94s/it]

Epoch: 28 || Train Loss: 4.901766985654831

100%|██████████| 12/12 [00:35<00:00,  2.96s/it]

Epoch: 29 || Train Loss: 4.915549278259277

100%|██████████| 12/12 [00:35<00:00,  2.94s/it]

Epoch: 30 || Train Loss: 4.659452259540558

100%|██████████| 3/3 [00:01<00:00,  2.83it/s]

Epoch: 30 || Validation Loss: 1.2644096612930298

100%|██████████| 3/3 [00:01<00:00,  2.86it/s]


              precision    recall  f1-score   support

           0       0.81      0.86      0.84      1432
           1       0.85      0.80      0.83      1419

    accuracy                           0.83      2851
   macro avg       0.83      0.83      0.83      2851
weighted avg       0.83      0.83      0.83      2851


100%|██████████| 12/12 [00:35<00:00,  2.93s/it]

Epoch: 31 || Train Loss: 4.747438907623291

100%|██████████| 12/12 [00:35<00:00,  2.93s/it]

Epoch: 32 || Train Loss: 4.543657034635544

100%|██████████| 12/12 [00:35<00:00,  2.92s/it]

Epoch: 33 || Train Loss: 4.518699377775192

100%|██████████| 12/12 [00:35<00:00,  2.94s/it]

Epoch: 34 || Train Loss: 4.467454254627228

100%|██████████| 12/12 [00:35<00:00,  2.93s/it]

Epoch: 35 || Train Loss: 4.276144474744797

100%|██████████| 3/3 [00:01<00:00,  2.85it/s]

Epoch: 35 || Validation Loss: 1.295687347650528

100%|██████████| 3/3 [00:01<00:00,  2.87it/s]


              precision    recall  f1-score   support

           0       0.81      0.86      0.84      1432
           1       0.85      0.80      0.82      1419

    accuracy                           0.83      2851
   macro avg       0.83      0.83      0.83      2851
weighted avg       0.83      0.83      0.83      2851


100%|██████████| 12/12 [00:35<00:00,  2.94s/it]

Epoch: 36 || Train Loss: 4.030368745326996

100%|██████████| 12/12 [00:35<00:00,  2.94s/it]

Epoch: 37 || Train Loss: 4.23579940199852

100%|██████████| 12/12 [00:35<00:00,  2.94s/it]

Epoch: 38 || Train Loss: 4.086240977048874

100%|██████████| 12/12 [00:35<00:00,  2.93s/it]

Epoch: 39 || Train Loss: 3.801608771085739

100%|██████████| 12/12 [00:35<00:00,  2.96s/it]

Epoch: 40 || Train Loss: 3.7687870860099792

100%|██████████| 3/3 [00:01<00:00,  2.86it/s]

Epoch: 40 || Validation Loss: 1.2986950278282166

100%|██████████| 3/3 [00:01<00:00,  2.81it/s]


              precision    recall  f1-score   support

           0       0.83      0.88      0.85      1432
           1       0.87      0.82      0.84      1419

    accuracy                           0.85      2851
   macro avg       0.85      0.85      0.85      2851
weighted avg       0.85      0.85      0.85      2851


100%|██████████| 12/12 [00:35<00:00,  2.94s/it]

Epoch: 41 || Train Loss: 3.540858179330826

100%|██████████| 12/12 [00:35<00:00,  2.95s/it]

Epoch: 42 || Train Loss: 3.719972163438797

100%|██████████| 12/12 [00:35<00:00,  2.95s/it]

Epoch: 43 || Train Loss: 3.978948175907135

100%|██████████| 12/12 [00:35<00:00,  2.95s/it]

Epoch: 44 || Train Loss: 3.984786093235016

100%|██████████| 12/12 [00:35<00:00,  2.92s/it]

Epoch: 45 || Train Loss: 3.645756632089615

100%|██████████| 3/3 [00:01<00:00,  2.85it/s]

Epoch: 45 || Validation Loss: 1.304374247789383

100%|██████████| 3/3 [00:01<00:00,  2.82it/s]


              precision    recall  f1-score   support

           0       0.85      0.87      0.86      1432
           1       0.86      0.84      0.85      1419

    accuracy                           0.85      2851
   macro avg       0.85      0.85      0.85      2851
weighted avg       0.85      0.85      0.85      2851


100%|██████████| 12/12 [00:35<00:00,  2.95s/it]

Epoch: 46 || Train Loss: 3.5030460357666016

100%|██████████| 12/12 [00:35<00:00,  2.93s/it]

Epoch: 47 || Train Loss: 3.373764321208

100%|██████████| 12/12 [00:35<00:00,  2.93s/it]

Epoch: 48 || Train Loss: 3.192366287112236

100%|██████████| 12/12 [00:35<00:00,  2.95s/it]

Epoch: 49 || Train Loss: 3.5144262313842773

100%|██████████| 12/12 [00:35<00:00,  2.95s/it]

Epoch: 50 || Train Loss: 3.4137083292007446

100%|██████████| 3/3 [00:01<00:00,  2.85it/s]

Epoch: 50 || Validation Loss: 1.3163355886936188

100%|██████████| 3/3 [00:01<00:00,  2.80it/s]


              precision    recall  f1-score   support

           0       0.85      0.87      0.86      1432
           1       0.87      0.85      0.86      1419

    accuracy                           0.86      2851
   macro avg       0.86      0.86      0.86      2851
weighted avg       0.86      0.86      0.86      2851


100%|██████████| 12/12 [00:35<00:00,  2.95s/it]

Epoch: 51 || Train Loss: 3.0790414065122604

100%|██████████| 12/12 [00:35<00:00,  2.94s/it]

Epoch: 52 || Train Loss: 2.981091618537903

100%|██████████| 12/12 [00:35<00:00,  2.96s/it]

Epoch: 53 || Train Loss: 2.8641853481531143

100%|██████████| 12/12 [00:35<00:00,  2.94s/it]

Epoch: 54 || Train Loss: 2.8640691488981247

100%|██████████| 12/12 [00:35<00:00,  2.96s/it]

Epoch: 55 || Train Loss: 3.3722426742315292

100%|██████████| 3/3 [00:01<00:00,  2.85it/s]

Epoch: 55 || Validation Loss: 1.1443309783935547

100%|██████████| 3/3 [00:01<00:00,  2.83it/s]


              precision    recall  f1-score   support

           0       0.88      0.83      0.85      1432
           1       0.83      0.88      0.86      1419

    accuracy                           0.85      2851
   macro avg       0.85      0.85      0.85      2851
weighted avg       0.85      0.85      0.85      2851


100%|██████████| 12/12 [00:35<00:00,  2.94s/it]

Epoch: 56 || Train Loss: 3.152023434638977

100%|██████████| 12/12 [00:35<00:00,  2.94s/it]

Epoch: 57 || Train Loss: 3.352507308125496

100%|██████████| 12/12 [00:35<00:00,  2.95s/it]

Epoch: 58 || Train Loss: 3.0278642177581787

100%|██████████| 12/12 [00:35<00:00,  2.93s/it]

Epoch: 59 || Train Loss: 2.7865426540374756

100%|██████████| 12/12 [00:35<00:00,  2.93s/it]

Epoch: 60 || Train Loss: 2.573160156607628

100%|██████████| 3/3 [00:01<00:00,  2.84it/s]

Epoch: 60 || Validation Loss: 1.5430397391319275

100%|██████████| 3/3 [00:01<00:00,  2.83it/s]


              precision    recall  f1-score   support

           0       0.82      0.90      0.86      1432
           1       0.89      0.80      0.85      1419

    accuracy                           0.85      2851
   macro avg       0.86      0.85      0.85      2851
weighted avg       0.86      0.85      0.85      2851


100%|██████████| 12/12 [00:35<00:00,  2.92s/it]

Epoch: 61 || Train Loss: 2.5821972340345383

100%|██████████| 12/12 [00:35<00:00,  2.95s/it]

Epoch: 62 || Train Loss: 2.582414388656616

100%|██████████| 12/12 [00:35<00:00,  2.94s/it]

Epoch: 63 || Train Loss: 2.6389598101377487

100%|██████████| 12/12 [00:35<00:00,  2.96s/it]

Epoch: 64 || Train Loss: 2.666167303919792

100%|██████████| 12/12 [00:35<00:00,  2.94s/it]

Epoch: 65 || Train Loss: 2.4578628540039062

100%|██████████| 3/3 [00:01<00:00,  2.84it/s]

Epoch: 65 || Validation Loss: 1.5289495587348938

100%|██████████| 3/3 [00:01<00:00,  2.86it/s]


              precision    recall  f1-score   support

           0       0.87      0.84      0.85      1432
           1       0.85      0.87      0.86      1419

    accuracy                           0.86      2851
   macro avg       0.86      0.86      0.86      2851
weighted avg       0.86      0.86      0.86      2851


100%|██████████| 12/12 [00:35<00:00,  2.92s/it]

Epoch: 66 || Train Loss: 2.34642793238163

100%|██████████| 12/12 [00:35<00:00,  2.93s/it]

Epoch: 67 || Train Loss: 2.2781030535697937

100%|██████████| 12/12 [00:35<00:00,  2.93s/it]

Epoch: 68 || Train Loss: 2.3436272889375687

100%|██████████| 12/12 [00:35<00:00,  2.92s/it]

Epoch: 69 || Train Loss: 2.311375245451927

100%|██████████| 12/12 [00:35<00:00,  2.93s/it]

Epoch: 70 || Train Loss: 2.2704309821128845

100%|██████████| 3/3 [00:01<00:00,  2.85it/s]

Epoch: 70 || Validation Loss: 1.452379047870636

100%|██████████| 3/3 [00:01<00:00,  2.82it/s]


              precision    recall  f1-score   support

           0       0.86      0.87      0.86      1432
           1       0.87      0.85      0.86      1419

    accuracy                           0.86      2851
   macro avg       0.86      0.86      0.86      2851
weighted avg       0.86      0.86      0.86      2851


100%|██████████| 12/12 [00:35<00:00,  2.94s/it]

Epoch: 71 || Train Loss: 2.216736003756523

100%|██████████| 12/12 [00:35<00:00,  2.95s/it]

Epoch: 72 || Train Loss: 2.71106918156147

100%|██████████| 12/12 [00:35<00:00,  2.92s/it]

Epoch: 73 || Train Loss: 2.245491698384285

100%|██████████| 12/12 [00:35<00:00,  2.93s/it]

Epoch: 74 || Train Loss: 2.0063855350017548

100%|██████████| 12/12 [00:35<00:00,  2.95s/it]

Epoch: 75 || Train Loss: 2.0294568687677383

100%|██████████| 3/3 [00:01<00:00,  2.80it/s]

Epoch: 75 || Validation Loss: 1.9883243441581726

100%|██████████| 3/3 [00:01<00:00,  2.80it/s]


              precision    recall  f1-score   support

           0       0.83      0.90      0.87      1432
           1       0.89      0.82      0.85      1419

    accuracy                           0.86      2851
   macro avg       0.86      0.86      0.86      2851
weighted avg       0.86      0.86      0.86      2851


100%|██████████| 12/12 [00:35<00:00,  2.94s/it]

Epoch: 76 || Train Loss: 2.0790096521377563

100%|██████████| 12/12 [00:35<00:00,  2.94s/it]

Epoch: 77 || Train Loss: 2.00189571082592

100%|██████████| 12/12 [00:35<00:00,  2.93s/it]

Epoch: 78 || Train Loss: 1.9610576331615448

100%|██████████| 12/12 [00:35<00:00,  2.93s/it]

Epoch: 79 || Train Loss: 2.174392595887184

100%|██████████| 12/12 [00:35<00:00,  2.94s/it]

Epoch: 80 || Train Loss: 1.799319252371788

100%|██████████| 3/3 [00:01<00:00,  2.86it/s]

Epoch: 80 || Validation Loss: 1.769592821598053
Stopping iteration because model did not get better in the last 25 epochs

