2021-12-26 19:20:19,224 Loading the train data
2021-12-26 19:20:54,983 Finished loading validation data
2021-12-26 19:20:54,983 Loading the evaluation data
2021-12-26 19:21:03,920 Finished loading evaluation data
2021-12-26 19:21:03,920 Initializing model
2021-12-26 19:21:03,947 Finished initializing model
2021-12-26 19:21:03,949 Starting epochs ...
2021-12-26 19:22:59,717 Epoch: 1 || Train Loss: 2.0858798027038574
2021-12-26 19:23:06,784 Epoch: 1 || Validation Loss: 0.6931328773498535
2021-12-26 19:23:13,600 
              precision    recall  f1-score   support

           0       0.50      1.00      0.67      1432
           1       0.00      0.00      0.00      1419

    accuracy                           0.50      2851
   macro avg       0.25      0.50      0.33      2851
weighted avg       0.25      0.50      0.34      2851


2021-12-26 19:25:27,154 Epoch: 2 || Train Loss: 2.0821222066879272
2021-12-26 19:25:34,815 Epoch: 2 || Validation Loss: 0.6941274404525757
2021-12-26 19:25:41,680 
              precision    recall  f1-score   support

           0       0.00      0.00      0.00      1432
           1       0.50      1.00      0.66      1419

    accuracy                           0.50      2851
   macro avg       0.25      0.50      0.33      2851
weighted avg       0.25      0.50      0.33      2851


